c:\users\thang\music\btl ltm\x64\release\btl ltm.ipdb
c:\users\thang\music\btl ltm\x64\release\btl ltm.iobj
c:\users\thang\music\btl ltm\btl ltm\x64\release\vc141.pdb
c:\users\thang\music\btl ltm\btl ltm\x64\release\textbox.obj
c:\users\thang\music\btl ltm\btl ltm\x64\release\source.obj
c:\users\thang\music\btl ltm\btl ltm\x64\release\playeronline.obj
c:\users\thang\music\btl ltm\btl ltm\x64\release\playeroffline.obj
c:\users\thang\music\btl ltm\btl ltm\x64\release\player.obj
c:\users\thang\music\btl ltm\btl ltm\x64\release\game.obj
c:\users\thang\music\btl ltm\btl ltm\x64\release\caro.obj
c:\users\thang\music\btl ltm\btl ltm\x64\release\button.obj
c:\users\thang\music\btl ltm\btl ltm\x64\release\box.obj
c:\users\thang\music\btl ltm\x64\release\btl ltm.exe
c:\users\thang\music\btl ltm\x64\release\btl ltm.pdb
c:\users\thang\music\btl ltm\btl ltm\x64\release\btl ltm.tlog\btl ltm.write.1u.tlog
c:\users\thang\music\btl ltm\btl ltm\x64\release\btl ltm.tlog\cl.command.1.tlog
c:\users\thang\music\btl ltm\btl ltm\x64\release\btl ltm.tlog\cl.read.1.tlog
c:\users\thang\music\btl ltm\btl ltm\x64\release\btl ltm.tlog\cl.write.1.tlog
c:\users\thang\music\btl ltm\btl ltm\x64\release\btl ltm.tlog\link.command.1.tlog
c:\users\thang\music\btl ltm\btl ltm\x64\release\btl ltm.tlog\link.read.1.tlog
c:\users\thang\music\btl ltm\btl ltm\x64\release\btl ltm.tlog\link.write.1.tlog
