  Box.cpp
Box.cpp(14): warning C4244: 'argument': conversion from 'double' to 'unsigned int', possible loss of data
Box.cpp(52): warning C4244: 'argument': conversion from 'float' to 'unsigned int', possible loss of data
  Button.cpp
Button.cpp(15): warning C4244: '=': conversion from 'double' to 'float', possible loss of data
  Caro.cpp
Caro.cpp(54): warning C4244: '=': conversion from 'float' to 'int', possible loss of data
Caro.cpp(55): warning C4244: '=': conversion from 'float' to 'int', possible loss of data
Caro.cpp(101): warning C4244: '=': conversion from 'float' to 'int', possible loss of data
Caro.cpp(102): warning C4244: '=': conversion from 'float' to 'int', possible loss of data
Caro.cpp(108): warning C4244: '=': conversion from 'int' to 'float', possible loss of data
Caro.cpp(109): warning C4244: '=': conversion from 'int' to 'float', possible loss of data
  Game.cpp
Game.cpp(64): warning C4244: '=': conversion from 'float' to 'int', possible loss of data
Game.cpp(65): warning C4244: 'argument': conversion from 'int' to 'float', possible loss of data
Game.cpp(124): warning C4267: 'argument': conversion from 'size_t' to 'int', possible loss of data
Game.cpp(221): warning C4267: 'argument': conversion from 'size_t' to 'int', possible loss of data
Game.cpp(225): warning C4267: 'argument': conversion from 'size_t' to 'int', possible loss of data
Game.cpp(232): warning C4267: 'argument': conversion from 'size_t' to 'int', possible loss of data
Game.cpp(427): warning C4101: 'values': unreferenced local variable
Game.cpp(427): warning C4101: 'protocol': unreferenced local variable
Game.cpp(430): warning C4101: 'player': unreferenced local variable
  Player.cpp
  PlayerOffline.cpp
PlayerOffline.cpp(15): warning C4267: 'argument': conversion from 'size_t' to 'int', possible loss of data
  PlayerOnline.cpp
  Source.cpp
  TextBox.cpp
TextBox.cpp(10): warning C4244: '=': conversion from 'double' to 'float', possible loss of data
TextBox.cpp(11): warning C4244: '=': conversion from 'double' to 'float', possible loss of data
TextBox.cpp(46): warning C4018: '>=': signed/unsigned mismatch
TextBox.cpp(46): warning C4018: '<=': signed/unsigned mismatch
TextBox.cpp(47): warning C4267: 'initializing': conversion from 'size_t' to 'int', possible loss of data
TextBox.cpp(52): warning C4244: 'initializing': conversion from 'double' to 'int', possible loss of data
TextBox.cpp(66): warning C4267: 'initializing': conversion from 'size_t' to 'int', possible loss of data
  Generating code
  All 170 functions were compiled because no usable IPDB/IOBJ from previous compilation was found.
  Finished generating code
  BTL LTM.vcxproj -> C:\Users\thang\Music\BTL LTM\x64\Release\BTL LTM.exe
