c:\users\thang\music\btl ltm\client\x64\release\caro client.ipdb
c:\users\thang\music\btl ltm\client\x64\release\caro client.iobj
c:\users\thang\music\btl ltm\client\btl ltm\x64\release\vc141.pdb
c:\users\thang\music\btl ltm\client\btl ltm\x64\release\textbox.obj
c:\users\thang\music\btl ltm\client\btl ltm\x64\release\source.obj
c:\users\thang\music\btl ltm\client\btl ltm\x64\release\playeronline.obj
c:\users\thang\music\btl ltm\client\btl ltm\x64\release\playeroffline.obj
c:\users\thang\music\btl ltm\client\btl ltm\x64\release\player.obj
c:\users\thang\music\btl ltm\client\btl ltm\x64\release\game.obj
c:\users\thang\music\btl ltm\client\btl ltm\x64\release\caro.obj
c:\users\thang\music\btl ltm\client\btl ltm\x64\release\button.obj
c:\users\thang\music\btl ltm\client\btl ltm\x64\release\box.obj
c:\users\thang\music\btl ltm\client\x64\release\caro client.exe
c:\users\thang\music\btl ltm\client\x64\release\caro client.pdb
c:\users\thang\music\btl ltm\client\btl ltm\x64\release\caro client.tlog\caro client.write.1u.tlog
c:\users\thang\music\btl ltm\client\btl ltm\x64\release\caro client.tlog\cl.command.1.tlog
c:\users\thang\music\btl ltm\client\btl ltm\x64\release\caro client.tlog\cl.read.1.tlog
c:\users\thang\music\btl ltm\client\btl ltm\x64\release\caro client.tlog\cl.write.1.tlog
c:\users\thang\music\btl ltm\client\btl ltm\x64\release\caro client.tlog\link.command.1.tlog
c:\users\thang\music\btl ltm\client\btl ltm\x64\release\caro client.tlog\link.read.1.tlog
c:\users\thang\music\btl ltm\client\btl ltm\x64\release\caro client.tlog\link.write.1.tlog
