c:\users\thang\music\btl ltm\client\btl ltm\x64\debug\vc141.pdb
c:\users\thang\music\btl ltm\client\btl ltm\x64\debug\vc141.idb
c:\users\thang\music\btl ltm\client\btl ltm\x64\debug\box.obj
c:\users\thang\music\btl ltm\client\btl ltm\x64\debug\button.obj
c:\users\thang\music\btl ltm\client\btl ltm\x64\debug\caro.obj
c:\users\thang\music\btl ltm\client\btl ltm\x64\debug\game.obj
c:\users\thang\music\btl ltm\client\btl ltm\x64\debug\player.obj
c:\users\thang\music\btl ltm\client\btl ltm\x64\debug\playeroffline.obj
c:\users\thang\music\btl ltm\client\btl ltm\x64\debug\playeronline.obj
c:\users\thang\music\btl ltm\client\btl ltm\x64\debug\source.obj
c:\users\thang\music\btl ltm\client\btl ltm\x64\debug\textbox.obj
c:\users\thang\music\btl ltm\client\x64\debug\caro client.ilk
c:\users\thang\music\btl ltm\client\x64\debug\caro client.exe
c:\users\thang\music\btl ltm\client\x64\debug\caro client.pdb
c:\users\thang\music\btl ltm\client\btl ltm\x64\debug\caro client.tlog\cl.command.1.tlog
c:\users\thang\music\btl ltm\client\btl ltm\x64\debug\caro client.tlog\cl.read.1.tlog
c:\users\thang\music\btl ltm\client\btl ltm\x64\debug\caro client.tlog\cl.write.1.tlog
c:\users\thang\music\btl ltm\client\btl ltm\x64\debug\caro client.tlog\link.command.1.tlog
c:\users\thang\music\btl ltm\client\btl ltm\x64\debug\caro client.tlog\link.read.1.tlog
c:\users\thang\music\btl ltm\client\btl ltm\x64\debug\caro client.tlog\link.write.1.tlog
